Build started 12.04.2015 13:23:09.
     1>Project "C:\Users\1\Documents\Visual Studio 2010\Projects\CCC\CCC_PARALLEL\CCC_PARALLEL.vcxproj" on node 2 (build target(s)).
     1>PrepareForBuild:
         Creating directory "C:\Users\1\Documents\Visual Studio 2010\Projects\CCC\x64\Debug\".
       InitializeBuildStatus:
         Creating "x64\Debug\CCC_PARALLEL.unsuccessfulbuild" because "AlwaysCreate" was specified.
       SetVCMKLEnvironment:
         Deleting file "C:\Users\1\AppData\Local\Temp\tmp743B.tmp".
       ClCompile:
         C:\Program Files (x86)\Microsoft Visual Studio 10.0\VC\bin\x86_amd64\CL.exe /c /Zi /nologo /W3 /WX- /Od /D WIN32 /D _DEBUG /D _CONSOLE /D _UNICODE /D UNICODE /Gm /EHsc /RTC1 /MDd /GS /fp:precise /Zc:wchar_t /Zc:forScope /Fo"x64\Debug\\" /Fd"x64\Debug\vc100.pdb" /Gd /TP /errorReport:prompt decision.cpp hce_functions.cpp main.cpp
         main.cpp
         hce_functions.cpp
         decision.cpp
         Generating Code...
       ManifestResourceCompile:
         C:\Program Files (x86)\Microsoft SDKs\Windows\v7.0A\bin\rc.exe /nologo /fo"x64\Debug\CCC_PARALLEL.exe.embed.manifest.res" x64\Debug\CCC_PARALLEL_manifest.rc 
       Link:
         C:\Program Files (x86)\Microsoft Visual Studio 10.0\VC\bin\x86_amd64\link.exe /ERRORREPORT:PROMPT /OUT:"C:\Users\1\Documents\Visual Studio 2010\Projects\CCC\x64\Debug\CCC_PARALLEL.exe" /INCREMENTAL /NOLOGO mkl_intel_lp64_dll.lib mkl_intel_thread_dll.lib mkl_core_dll.lib libiomp5md.lib mkl_intel_c.lib mkl_intel_lp64.lib mkl_sequential.lib mkl_core.lib mkl_intel_thread.lib kernel32.lib user32.lib gdi32.lib winspool.lib comdlg32.lib advapi32.lib shell32.lib ole32.lib oleaut32.lib uuid.lib odbc32.lib odbccp32.lib kernel32.lib user32.lib gdi32.lib winspool.lib comdlg32.lib advapi32.lib shell32.lib ole32.lib oleaut32.lib uuid.lib odbc32.lib odbccp32.lib /MANIFEST /ManifestFile:"x64\Debug\CCC_PARALLEL.exe.intermediate.manifest" /MANIFESTUAC:"level='asInvoker' uiAccess='false'" /DEBUG /PDB:"C:\Users\1\Documents\Visual Studio 2010\Projects\CCC\x64\Debug\CCC_PARALLEL.pdb" /SUBSYSTEM:CONSOLE /TLBID:1 /DYNAMICBASE /NXCOMPAT /IMPLIB:"C:\Users\1\Documents\Visual Studio 2010\Projects\CCC\x64\Debug\CCC_PARALLEL.lib" /MACHINE:X64 x64\Debug\CCC_PARALLEL.exe.embed.manifest.res
         x64\Debug\decision.obj
         x64\Debug\hce_functions.obj
         x64\Debug\main.obj
     1>LINK : fatal error LNK1104: cannot open file 'mkl_intel_c.lib'
     1>Done Building Project "C:\Users\1\Documents\Visual Studio 2010\Projects\CCC\CCC_PARALLEL\CCC_PARALLEL.vcxproj" (build target(s)) -- FAILED.

Build FAILED.

Time Elapsed 00:00:04.29
