Сборка начата 27.02.2016 21:31:46.
     1>Проект "c:\Users\Артем\documents\visual studio 2015\Projects\Graphics_3\Graphics_3\Graphics_3.vcxproj" в узле 2 (целевые объекты Build).
     1>ClCompile:
         C:\Program Files (x86)\Microsoft Visual Studio 14.0\VC\bin\CL.exe /c /AI"C:\Program Files (x86)\Reference Assemblies\Microsoft\Framework\.NETFramework\v4.5.2\\" /AI"C:\Program Files (x86)\Windows Kits\8.1\References\CommonConfiguration\Neutral" /AI"C:\Program Files (x86)\Reference Assemblies\Microsoft\Framework\.NETFramework\v4.5.2\Facades\\" /Zi /clr /nologo /W3 /WX- /Od /Oy- /D WIN32 /D _DEBUG /D _UNICODE /D UNICODE /EHa /MDd /GS /fp:precise /Zc:wchar_t /Zc:forScope /Zc:inline /Fo"Debug\\" /Fd"Debug\vc140.pdb" /TP /FU"C:\Program Files (x86)\Reference Assemblies\Microsoft\Framework\.NETFramework\v4.5.2\mscorlib.dll" /FU"C:\Program Files (x86)\Reference Assemblies\Microsoft\Framework\.NETFramework\v4.5.2\System.Data.dll" /FU"C:\Program Files (x86)\Reference Assemblies\Microsoft\Framework\.NETFramework\v4.5.2\System.dll" /FU"C:\Program Files (x86)\Reference Assemblies\Microsoft\Framework\.NETFramework\v4.5.2\System.Drawing.dll" /FU"C:\Program Files (x86)\Reference Assemblies\Microsoft\Framework\.NETFramework\v4.5.2\System.Windows.Forms.dll" /FU"C:\Program Files (x86)\Reference Assemblies\Microsoft\Framework\.NETFramework\v4.5.2\System.Xml.dll" /analyze- /errorReport:prompt /clr:nostdlib Transform.cpp
         Transform.cpp
     1>Transform.cpp(77): warning C4244: =: преобразование "double" в "float", возможна потеря данных
     1>Transform.cpp(78): warning C4244: =: преобразование "double" в "float", возможна потеря данных
     1>Transform.cpp(83): warning C4244: =: преобразование "double" в "float", возможна потеря данных
     1>Transform.cpp(84): warning C4244: =: преобразование "double" в "float", возможна потеря данных
     1>Transform.cpp(85): warning C4244: =: преобразование "double" в "float", возможна потеря данных
     1>Transform.cpp(118): warning C4244: =: преобразование "double" в "float", возможна потеря данных
     1>Transform.cpp(119): warning C4244: =: преобразование "double" в "float", возможна потеря данных
       Link:
         C:\Program Files (x86)\Microsoft Visual Studio 14.0\VC\bin\link.exe /ERRORREPORT:PROMPT /OUT:"c:\users\артем\documents\visual studio 2015\Projects\Graphics_3\Debug\Graphics_3.exe" /INCREMENTAL /NOLOGO /ASSEMBLYRESOURCE:Debug\Graphics_3.MyForm.resources /MANIFEST /MANIFESTUAC:"level='asInvoker' uiAccess='false'" /manifest:embed /Debug /PDB:"c:\users\артем\documents\visual studio 2015\Projects\Graphics_3\Debug\Graphics_3.pdb" /ASSEMBLYDEBUG /SUBSYSTEM:WINDOWS /TLBID:1 /ENTRY:"Main" /DYNAMICBASE /FIXED:NO /NXCOMPAT /MACHINE:X86 Debug\Graphics_3.res
         Debug\MyForm.obj
         Debug\stdafx.obj
         Debug\Transform.obj
         "Debug\.NETFramework,Version=v4.5.2.AssemblyAttributes.obj"
         Graphics_3.vcxproj -> c:\users\артем\documents\visual studio 2015\Projects\Graphics_3\Debug\Graphics_3.exe
     1>Сборка проекта "c:\Users\Артем\documents\visual studio 2015\Projects\Graphics_3\Graphics_3\Graphics_3.vcxproj" завершена (целевые объекты Build).

Сборка успешно завершена.

Затраченное время: 00:00:01.32
