C:\USERS\1\DOCUMENTS\VISUAL STUDIO 2010\PROJECTS\CCC\CCC\DEBUG\CCC.EXE.EMBED.MANIFEST
C:\USERS\1\DOCUMENTS\VISUAL STUDIO 2010\PROJECTS\CCC\CCC\DEBUG\CCC.EXE.EMBED.MANIFEST.RES
C:\USERS\1\DOCUMENTS\VISUAL STUDIO 2010\PROJECTS\CCC\CCC\DEBUG\CCC.EXE.INTERMEDIATE.MANIFEST
C:\Users\1\Documents\Visual Studio 2010\Projects\CCC\CCC\Debug\CCC.vcxprojResolveAssemblyReference.cache
C:\Users\1\Documents\Visual Studio 2010\Projects\CCC\CCC\Debug\CCC.write.1.tlog
C:\Users\1\Documents\Visual Studio 2010\Projects\CCC\CCC\Debug\CCC_manifest.rc
C:\Users\1\Documents\Visual Studio 2010\Projects\CCC\CCC\Debug\cl.command.1.tlog
C:\Users\1\Documents\Visual Studio 2010\Projects\CCC\CCC\Debug\CL.read.1.tlog
C:\Users\1\Documents\Visual Studio 2010\Projects\CCC\CCC\Debug\CL.write.1.tlog
C:\USERS\1\DOCUMENTS\VISUAL STUDIO 2010\PROJECTS\CCC\CCC\DEBUG\DECISION.OBJ
C:\USERS\1\DOCUMENTS\VISUAL STUDIO 2010\PROJECTS\CCC\CCC\DEBUG\FFT.OBJ
C:\USERS\1\DOCUMENTS\VISUAL STUDIO 2010\PROJECTS\CCC\CCC\DEBUG\HCE_FUNCTIONS.OBJ
C:\Users\1\Documents\Visual Studio 2010\Projects\CCC\CCC\Debug\link.1480.read.1.tlog
C:\Users\1\Documents\Visual Studio 2010\Projects\CCC\CCC\Debug\link.1480.write.1.tlog
C:\Users\1\Documents\Visual Studio 2010\Projects\CCC\CCC\Debug\link.1480-cvtres.read.1.tlog
C:\Users\1\Documents\Visual Studio 2010\Projects\CCC\CCC\Debug\link.1480-cvtres.write.1.tlog
C:\Users\1\Documents\Visual Studio 2010\Projects\CCC\CCC\Debug\link.command.1.tlog
C:\Users\1\Documents\Visual Studio 2010\Projects\CCC\CCC\Debug\link.read.1.tlog
C:\Users\1\Documents\Visual Studio 2010\Projects\CCC\CCC\Debug\link.write.1.tlog
C:\Users\1\Documents\Visual Studio 2010\Projects\CCC\CCC\Debug\link-cvtres.read.1.tlog
C:\Users\1\Documents\Visual Studio 2010\Projects\CCC\CCC\Debug\link-cvtres.write.1.tlog
C:\USERS\1\DOCUMENTS\VISUAL STUDIO 2010\PROJECTS\CCC\CCC\DEBUG\MAIN.OBJ
C:\Users\1\Documents\Visual Studio 2010\Projects\CCC\CCC\Debug\mt.command.1.tlog
C:\Users\1\Documents\Visual Studio 2010\Projects\CCC\CCC\Debug\mt.read.1.tlog
C:\Users\1\Documents\Visual Studio 2010\Projects\CCC\CCC\Debug\mt.write.1.tlog
C:\Users\1\Documents\Visual Studio 2010\Projects\CCC\CCC\Debug\rc.command.1.tlog
C:\Users\1\Documents\Visual Studio 2010\Projects\CCC\CCC\Debug\rc.read.1.tlog
C:\Users\1\Documents\Visual Studio 2010\Projects\CCC\CCC\Debug\rc.write.1.tlog
C:\USERS\1\DOCUMENTS\VISUAL STUDIO 2010\PROJECTS\CCC\CCC\DEBUG\STDAFX.OBJ
C:\Users\1\Documents\Visual Studio 2010\Projects\CCC\CCC\Debug\vc100.idb
C:\USERS\1\DOCUMENTS\VISUAL STUDIO 2010\PROJECTS\CCC\CCC\DEBUG\VC100.PDB
C:\USERS\1\DOCUMENTS\VISUAL STUDIO 2010\PROJECTS\CCC\DEBUG\CCC.EXE
C:\USERS\1\DOCUMENTS\VISUAL STUDIO 2010\PROJECTS\CCC\DEBUG\CCC.ILK
C:\USERS\1\DOCUMENTS\VISUAL STUDIO 2010\PROJECTS\CCC\DEBUG\CCC.PDB
