Build started 07.02.2015 15:44:41.
     1>Project "C:\Users\1\Documents\Visual Studio 2010\Projects\as\as\as.vcxproj" on node 2 (build target(s)).
     1>InitializeBuildStatus:
         Creating "Debug\as.unsuccessfulbuild" because "AlwaysCreate" was specified.
       ClCompile:
         All outputs are up-to-date.
       ManifestResourceCompile:
         All outputs are up-to-date.
       Link:
         C:\Program Files (x86)\Microsoft Visual Studio 10.0\VC\bin\link.exe /ERRORREPORT:PROMPT /OUT:"C:\Users\1\Documents\Visual Studio 2010\Projects\as\Debug\as.exe" /INCREMENTAL /NOLOGO kernel32.lib user32.lib gdi32.lib winspool.lib comdlg32.lib advapi32.lib shell32.lib ole32.lib oleaut32.lib uuid.lib odbc32.lib odbccp32.lib /MANIFEST /ManifestFile:"Debug\as.exe.intermediate.manifest" /MANIFESTUAC:"level='asInvoker' uiAccess='false'" /DEBUG /PDB:"C:\Users\1\Documents\Visual Studio 2010\Projects\as\Debug\as.pdb" /SUBSYSTEM:CONSOLE /TLBID:1 /DYNAMICBASE /NXCOMPAT /IMPLIB:"C:\Users\1\Documents\Visual Studio 2010\Projects\as\Debug\as.lib" /MACHINE:X86 Debug\as.exe.embed.manifest.res
         Debug\as.obj
         Debug\main.obj
         Debug\stdafx.obj
         LINK : C:\Users\1\Documents\Visual Studio 2010\Projects\as\Debug\as.exe not found or not built by the last incremental link; performing full link
       Manifest:
         C:\Program Files (x86)\Microsoft SDKs\Windows\v7.0A\bin\mt.exe /nologo /verbose /out:"Debug\as.exe.embed.manifest" /manifest Debug\as.exe.intermediate.manifest
         All outputs are up-to-date.
       LinkEmbedManifest:
         All outputs are up-to-date.
         as.vcxproj -> C:\Users\1\Documents\Visual Studio 2010\Projects\as\Debug\as.exe
       FinalizeBuildStatus:
         Deleting file "Debug\as.unsuccessfulbuild".
         Touching "Debug\as.lastbuildstate".
     1>Done Building Project "C:\Users\1\Documents\Visual Studio 2010\Projects\as\as\as.vcxproj" (build target(s)).

Build succeeded.

Time Elapsed 00:00:02.11
