c:\users\alex\documents\visual studio 2012\projects\classes\c++\hce\parallelfhce\release\main.obj
c:\users\alex\documents\visual studio 2012\projects\classes\c++\hce\parallelfhce\release\hce_functions.obj
c:\users\alex\documents\visual studio 2012\projects\classes\c++\hce\parallelfhce\release\decision.obj
c:\users\alex\documents\visual studio 2012\projects\classes\c++\hce\parallelfhce\release\vc110.pdb
c:\users\alex\documents\visual studio 2012\projects\classes\c++\hce\release\parallelfhce.exe
c:\users\alex\documents\visual studio 2012\projects\classes\c++\hce\release\parallelfhce.pdb
g:\для конференции\исходные коды программ\hce\parallelfhce\release\decision.obj
g:\для конференции\исходные коды программ\hce\parallelfhce\release\hce_functions.obj
g:\для конференции\исходные коды программ\hce\parallelfhce\release\main.obj
g:\для конференции\исходные коды программ\hce\parallelfhce\release\cl.command.1.tlog
g:\для конференции\исходные коды программ\hce\parallelfhce\release\cl.read.1.tlog
g:\для конференции\исходные коды программ\hce\parallelfhce\release\cl.write.1.tlog
g:\для конференции\исходные коды программ\hce\parallelfhce\release\link-cvtres.read.1.tlog
g:\для конференции\исходные коды программ\hce\parallelfhce\release\link-cvtres.write.1.tlog
g:\для конференции\исходные коды программ\hce\parallelfhce\release\link-rc.read.1.tlog
g:\для конференции\исходные коды программ\hce\parallelfhce\release\link-rc.write.1.tlog
g:\для конференции\исходные коды программ\hce\parallelfhce\release\link.command.1.tlog
g:\для конференции\исходные коды программ\hce\parallelfhce\release\link.read.1.tlog
g:\для конференции\исходные коды программ\hce\parallelfhce\release\link.write.1.tlog
g:\для конференции\исходные коды программ\hce\parallelfhce\release\vc110.pdb
g:\для конференции\исходные коды программ\hce\release\parallelfhce.pdb
g:\для конференции\исходные коды программ\hce\release\parallelfhce.exe
