C:\USERS\ALEX\DOCUMENTS\VISUAL STUDIO 2012\PROJECTS\CLASSES\C++\FFT\SERIALNONRECURSIVEFFT\DEBUG\MAIN.OBJ
C:\USERS\ALEX\DOCUMENTS\VISUAL STUDIO 2012\PROJECTS\CLASSES\C++\FFT\SERIALNONRECURSIVEFFT\DEBUG\VC110.PDB
C:\USERS\ALEX\DOCUMENTS\VISUAL STUDIO 2012\PROJECTS\CLASSES\C++\FFT\DEBUG\SERIALNONRECURSIVEFFT.ILK
C:\USERS\ALEX\DOCUMENTS\VISUAL STUDIO 2012\PROJECTS\CLASSES\C++\FFT\DEBUG\SERIALNONRECURSIVEFFT.EXE
C:\USERS\ALEX\DOCUMENTS\VISUAL STUDIO 2012\PROJECTS\CLASSES\C++\FFT\DEBUG\SERIALNONRECURSIVEFFT.PDB
C:\Users\Alex\Documents\Visual Studio 2012\Projects\Classes\C++\FFT\SerialNonrecursiveFFT\Debug\main.obj
C:\Users\Alex\Documents\Visual Studio 2012\Projects\Classes\C++\FFT\SerialNonrecursiveFFT\Debug\cl.command.1.tlog
C:\Users\Alex\Documents\Visual Studio 2012\Projects\Classes\C++\FFT\SerialNonrecursiveFFT\Debug\CL.read.1.tlog
C:\Users\Alex\Documents\Visual Studio 2012\Projects\Classes\C++\FFT\SerialNonrecursiveFFT\Debug\CL.write.1.tlog
C:\Users\Alex\Documents\Visual Studio 2012\Projects\Classes\C++\FFT\SerialNonrecursiveFFT\Debug\link-cvtres.read.1.tlog
C:\Users\Alex\Documents\Visual Studio 2012\Projects\Classes\C++\FFT\SerialNonrecursiveFFT\Debug\link-cvtres.write.1.tlog
C:\Users\Alex\Documents\Visual Studio 2012\Projects\Classes\C++\FFT\SerialNonrecursiveFFT\Debug\link-rc.read.1.tlog
C:\Users\Alex\Documents\Visual Studio 2012\Projects\Classes\C++\FFT\SerialNonrecursiveFFT\Debug\link-rc.write.1.tlog
C:\Users\Alex\Documents\Visual Studio 2012\Projects\Classes\C++\FFT\SerialNonrecursiveFFT\Debug\link.command.1.tlog
C:\Users\Alex\Documents\Visual Studio 2012\Projects\Classes\C++\FFT\SerialNonrecursiveFFT\Debug\link.read.1.tlog
C:\Users\Alex\Documents\Visual Studio 2012\Projects\Classes\C++\FFT\SerialNonrecursiveFFT\Debug\link.write.1.tlog
C:\Users\Alex\Documents\Visual Studio 2012\Projects\Classes\C++\FFT\SerialNonrecursiveFFT\Debug\vc110.idb
C:\Users\Alex\Documents\Visual Studio 2012\Projects\Classes\C++\FFT\SerialNonrecursiveFFT\Debug\vc110.pdb
C:\Users\Alex\Documents\Visual Studio 2012\Projects\Classes\C++\FFT\Debug\SerialNonrecursiveFFT.pdb
C:\Users\Alex\Documents\Visual Studio 2012\Projects\Classes\C++\FFT\Debug\SerialNonrecursiveFFT.exe
C:\Users\Alex\Documents\Visual Studio 2012\Projects\Classes\C++\FFT\Debug\SerialNonrecursiveFFT.ilk
