c:\users\артем\documents\visual studio 2015\projects\graphics_6\graphics_3\debug\vc140.pdb
c:\users\артем\documents\visual studio 2015\projects\graphics_6\graphics_3\debug\transform.obj
c:\users\артем\documents\visual studio 2015\projects\graphics_6\graphics_3\debug\stdafx.obj
c:\users\артем\documents\visual studio 2015\projects\graphics_6\graphics_3\debug\myform.obj
c:\users\артем\documents\visual studio 2015\projects\graphics_6\graphics_3\debug\clip.obj
c:\users\артем\documents\visual studio 2015\projects\graphics_6\graphics_3\debug\.netframework,version=v4.5.2.assemblyattributes.obj
c:\users\артем\documents\visual studio 2015\projects\graphics_6\graphics_3\debug\.netframework,version=v4.5.2.assemblyattributes.asm
c:\users\артем\documents\visual studio 2015\projects\graphics_6\graphics_3\debug\graphics_3.myform.resources
c:\users\артем\documents\visual studio 2015\projects\graphics_6\debug\graphics_3.exe
c:\users\артем\documents\visual studio 2015\projects\graphics_6\debug\graphics_3.pdb
c:\users\артем\documents\visual studio 2015\projects\graphics_6\graphics_3\debug\graphics_3.res
c:\users\артем\documents\visual studio 2015\projects\graphics_6\graphics_3\debug\graphics_3.vcxproj.generateresource.cache
c:\users\артем\documents\visual studio 2015\projects\graphics_6\graphics_3\debug\graphics_3.vcxprojresolveassemblyreference.cache
c:\users\артем\documents\visual studio 2015\projects\graphics_6\graphics_3\debug\graphics_3.tlog\cl.command.1.tlog
c:\users\артем\documents\visual studio 2015\projects\graphics_6\graphics_3\debug\graphics_3.tlog\cl.read.1.tlog
c:\users\артем\documents\visual studio 2015\projects\graphics_6\graphics_3\debug\graphics_3.tlog\cl.write.1.tlog
c:\users\артем\documents\visual studio 2015\projects\graphics_6\graphics_3\debug\graphics_3.tlog\graphics_3.write.1u.tlog
c:\users\артем\documents\visual studio 2015\projects\graphics_6\graphics_3\debug\graphics_3.tlog\link.command.1.tlog
c:\users\артем\documents\visual studio 2015\projects\graphics_6\graphics_3\debug\graphics_3.tlog\link.read.1.tlog
c:\users\артем\documents\visual studio 2015\projects\graphics_6\graphics_3\debug\graphics_3.tlog\link.write.1.tlog
c:\users\артем\documents\visual studio 2015\projects\graphics_6\graphics_3\debug\graphics_3.tlog\metagen.read.1.tlog
c:\users\артем\documents\visual studio 2015\projects\graphics_6\graphics_3\debug\graphics_3.tlog\metagen.write.1.tlog
c:\users\артем\documents\visual studio 2015\projects\graphics_6\graphics_3\debug\graphics_3.tlog\rc.command.1.tlog
c:\users\артем\documents\visual studio 2015\projects\graphics_6\graphics_3\debug\graphics_3.tlog\rc.read.1.tlog
c:\users\артем\documents\visual studio 2015\projects\graphics_6\graphics_3\debug\graphics_3.tlog\rc.write.1.tlog
c:\users\артем\documents\visual studio 2015\projects\graphics_6\graphics_3\debug\graphics_3.tlog\tzres.dll.bi
